<?xml version="1.0" encoding="UTF-8"?>
<!-- Generated by org.testng.reporters.JUnitReportReporter -->
<testsuite skipped="0" hostname="RSI1593" name="br.comr.rsinet.hub_TDD.Test.Adv_PesquisarNaLupa" tests="2" failures="0" timestamp="2020-02-12T20:48:43 GMT-03:00" time="36.418" errors="0">
  <testcase name="pesquisaProdutoInexistenteLupa" time="14.698" classname="br.comr.rsinet.hub_TDD.Test.Adv_PesquisarNaLupa"/>
  <testcase name="pesquisaProdutoPelaLupa" time="21.720" classname="br.comr.rsinet.hub_TDD.Test.Adv_PesquisarNaLupa"/>
</testsuite> <!-- br.comr.rsinet.hub_TDD.Test.Adv_PesquisarNaLupa -->
