<?xml version="1.0" encoding="UTF-8"?>
<!-- Generated by org.testng.reporters.JUnitReportReporter -->
<testsuite skipped="0" hostname="RSI1593" name="br.comr.rsinet.hub_TDD.Test.Adv_CriaConta" tests="2" failures="0" timestamp="2020-02-12T20:48:43 GMT-03:00" time="92.961" errors="0">
  <testcase name="criaContaComSuceso" time="49.836" classname="br.comr.rsinet.hub_TDD.Test.Adv_CriaConta"/>
  <testcase name="falhaCriaConta" time="43.125" classname="br.comr.rsinet.hub_TDD.Test.Adv_CriaConta"/>
</testsuite> <!-- br.comr.rsinet.hub_TDD.Test.Adv_CriaConta -->
