<?xml version="1.0" encoding="UTF-8"?>
<!-- Generated by org.testng.reporters.JUnitReportReporter -->
<testsuite skipped="0" hostname="RSI1593" name="br.comr.rsinet.hub_TDD.Test.Adv_PesquisarNaHome" tests="2" failures="0" timestamp="2020-02-12T20:48:43 GMT-03:00" time="48.493" errors="0">
  <testcase name="FiltrarNaoExiste" time="28.563" classname="br.comr.rsinet.hub_TDD.Test.Adv_PesquisarNaHome"/>
  <testcase name="pesquisaTabletComSucesso" time="19.930" classname="br.comr.rsinet.hub_TDD.Test.Adv_PesquisarNaHome"/>
</testsuite> <!-- br.comr.rsinet.hub_TDD.Test.Adv_PesquisarNaHome -->
