<?xml version="1.0" encoding="UTF-8"?>
<!-- Generated by org.testng.reporters.JUnitReportReporter -->
<testsuite hostname="RSI1593" failures="0" tests="2" name="br.comr.rsinet.hub_TDD.Test.Adv_CriaConta" time="84.217" errors="0" timestamp="2020-02-07T12:25:27 GMT-03:00" skipped="0">
  <testcase classname="br.comr.rsinet.hub_TDD.Test.Adv_CriaConta" name="falhaCriaConta" time="41.184"/>
  <testcase classname="br.comr.rsinet.hub_TDD.Test.Adv_CriaConta" name="criaContaComSuceso" time="43.033"/>
</testsuite> <!-- br.comr.rsinet.hub_TDD.Test.Adv_CriaConta -->
