<?xml version="1.0" encoding="UTF-8"?>
<!-- Generated by org.testng.reporters.JUnitReportReporter -->
<testsuite hostname="RSI1593" failures="0" tests="2" name="br.comr.rsinet.hub_TDD.Test.Adv_PesquisarNaLupa" time="36.682" errors="0" timestamp="2020-02-06T17:01:26 GMT-03:00" skipped="0">
  <testcase classname="br.comr.rsinet.hub_TDD.Test.Adv_PesquisarNaLupa" name="pesquisaProdutoPelaLupa" time="21.554"/>
  <testcase classname="br.comr.rsinet.hub_TDD.Test.Adv_PesquisarNaLupa" name="pesquisaProdutoInexistenteLupa" time="15.128"/>
</testsuite> <!-- br.comr.rsinet.hub_TDD.Test.Adv_PesquisarNaLupa -->
