<?xml version="1.0" encoding="UTF-8"?>
<!-- Generated by org.testng.reporters.JUnitReportReporter -->
<testsuite hostname="RSI1593" failures="0" tests="2" name="br.comr.rsinet.hub_TDD.Test.Adv_CriaConta" time="70.431" errors="0" timestamp="2020-02-06T17:01:26 GMT-03:00" skipped="0">
  <testcase classname="br.comr.rsinet.hub_TDD.Test.Adv_CriaConta" name="falhaCriaConta" time="23.762"/>
  <testcase classname="br.comr.rsinet.hub_TDD.Test.Adv_CriaConta" name="criaContaComSuceso" time="46.669"/>
</testsuite> <!-- br.comr.rsinet.hub_TDD.Test.Adv_CriaConta -->
