<?xml version="1.0" encoding="UTF-8"?>
<!-- Generated by org.testng.reporters.JUnitReportReporter -->
<testsuite skipped="0" hostname="RSI1593" name="br.comr.rsinet.hub_TDD.Test.Adv_CriaConta" tests="2" failures="0" timestamp="2020-02-01T14:26:34 GMT-03:00" time="68.248" errors="0">
  <testcase name="FalhaCriaConta" time="3.497" classname="br.comr.rsinet.hub_TDD.Test.Adv_CriaConta"/>
  <testcase name="CriaContaComSuceso" time="64.751" classname="br.comr.rsinet.hub_TDD.Test.Adv_CriaConta"/>
</testsuite> <!-- br.comr.rsinet.hub_TDD.Test.Adv_CriaConta -->
