<?xml version="1.0" encoding="UTF-8"?>
<!-- Generated by org.testng.reporters.JUnitReportReporter -->
<testsuite hostname="RSI1593" failures="0" tests="2" name="br.comr.rsinet.hub_TDD.Test.Adv_PesquisarNaHome" time="39.773" errors="0" timestamp="2020-02-07T12:25:27 GMT-03:00" skipped="0">
  <testcase classname="br.comr.rsinet.hub_TDD.Test.Adv_PesquisarNaHome" name="FiltrarNaoExiste" time="23.914"/>
  <testcase classname="br.comr.rsinet.hub_TDD.Test.Adv_PesquisarNaHome" name="pesquisaTabletComSucesso" time="15.859"/>
</testsuite> <!-- br.comr.rsinet.hub_TDD.Test.Adv_PesquisarNaHome -->
